{
        "24-09-2021": {
                "bitcoin": {
                        "volumen": 33594750549.99859,
                        "cap_bursatil": 846615719473.8734,
                        "precio": 44980.898214810935
                },
                "bitcoin-cash": {
                        "volumen": 6992027537.316006,
                        "cap_bursatil": 10376612935.134598,
                        "precio": 551.3296279802712
                },
                "dai": {
                        "volumen": 296091093.7951882,
                        "cap_bursatil": 6094469527.767255,
                        "precio": 1.0024018246768236
                },
                "dash": {
                        "volumen": 423047546.8344605,
                        "cap_bursatil": 1905366689.5727954,
                        "precio": 184.1433550562084
                },
                "dogecoin": {
                        "volumen": 993468486.1597265,
                        "cap_bursatil": 29706605970.01249,
                        "precio": 0.22553715307505245
                },
                "litecoin": {
                        "volumen": 2153613635.436473,
                        "cap_bursatil": 10972485278.468178,
                        "precio": 164.32758105439206
                },
                "monero": {
                        "volumen": 206708042.86875048,
                        "cap_bursatil": 4488508349.40118,
                        "precio": 249.38168201729255
                },
                "nano": {
                        "volumen": 66837441.17082208,
                        "cap_bursatil": 678523027.102104,
                        "precio": 5.1006429390335
                },
                "ripple": {
                        "volumen": 4349288006.629749,
                        "cap_bursatil": 46670917777.496605,
                        "precio": 1.000436281381362
                },
                "stellar": {
                        "volumen": 488280807.1444689,
                        "cap_bursatil": 7177052108.362944,
                        "precio": 0.3032663673825624
                },
                "tether": {
                        "volumen": 63721474412.4363,
                        "cap_bursatil": 69524647805.21138,
                        "precio": 1.001312817755819
                },
                "zcash": {
                        "volumen": 174773869.3919868,
                        "cap_bursatil": 1420627230.6012728,
                        "precio": 122.54806243391538
                },
                "algorand": {
                        "volumen": 822701906.2273271,
                        "cap_bursatil": 11470819959.956182,
                        "precio": 2.0072816706643892
                },
                "cardano": {
                        "volumen": 2859554202.027366,
                        "cap_bursatil": 74492626868.77536,
                        "precio": 2.326438198055506
                },
                "cosmos": {
                        "volumen": 2739967201.059863,
                        "cap_bursatil": 11673601629.133808,
                        "precio": 41.8780063869765
                },
                "eos": {
                        "volumen": 1076441554.2356563,
                        "cap_bursatil": 4239305207.02211,
                        "precio": 4.385420610471599
                },
                "ethereum": {
                        "volumen": 19536554032.084408,
                        "cap_bursatil": 371681653192.37537,
                        "precio": 3159.269865581771
                },
                "ethereum-classic": {
                        "volumen": 3853533131.9310584,
                        "cap_bursatil": 6697988551.118675,
                        "precio": 51.52757149897884
                },
                "icon": {
                        "volumen": 50840843.70878427,
                        "cap_bursatil": 1129385061.1022515,
                        "precio": 1.707235177515715
                },
                "kusama": {
                        "volumen": 154162348.32872275,
                        "cap_bursatil": 3196188032.3891296,
                        "precio": 355.96728483022883
                },
                "lisk": {
                        "volumen": 11164632.176418234,
                        "cap_bursatil": 448762776.8336807,
                        "precio": 3.1050088780984675
                },
                "polkadot": {
                        "volumen": 1701994083.1513853,
                        "cap_bursatil": 34457686867.44408,
                        "precio": 33.464521782542995
                },
                "tron": {
                        "volumen": 1137678238.1390312,
                        "cap_bursatil": 7118167888.167971,
                        "precio": 0.09940086049462554
                },
                "augur": {
                        "volumen": 21422193.776796922,
                        "cap_bursatil": 146596363.5567381,
                        "precio": 22.285908627406116
                },
                "balancer": {
                        "volumen": 35031011.907173686,
                        "cap_bursatil": 237047727.84810558,
                        "precio": 21.96510207820506
                },
                "gnosis": {
                        "volumen": 2190225.693314051,
                        "cap_bursatil": 405299958.18639845,
                        "precio": 270.00615062856764
                },
                "kava": {
                        "volumen": 109918003.60284542,
                        "cap_bursatil": 544559316.6243376,
                        "precio": 5.943372644149109
                },
                "melon": {
                        "volumen": 87098926.23127349,
                        "cap_bursatil": 208460140.15699816,
                        "precio": 143.68353150083146
                },
                "chainlink": {
                        "volumen": 1156230796.6892164,
                        "cap_bursatil": 11478067808.23183,
                        "precio": 25.36131798668982
                },
                "filecoin": {
                        "volumen": 723636559.6530465,
                        "cap_bursatil": 8158635376.246759,
                        "precio": 74.5731845819523
                },
                "storj": {
                        "volumen": 26277225.401843265,
                        "cap_bursatil": 171435609.77257773,
                        "precio": 1.1948755932961181
                },
                "basic-attention-token": {
                        "volumen": 104724872.01657039,
                        "cap_bursatil": 1046851714.9255375,
                        "precio": 0.7028148152502869
                }
        },
        "25-09-2021": {
                "bitcoin": {
                        "volumen": 42973070342.650276,
                        "cap_bursatil": 809772498812.6799,
                        "precio": 42752.1681545072
                },
                "bitcoin-cash": {
                        "volumen": 7078173434.462731,
                        "cap_bursatil": 9794259847.211256,
                        "precio": 512.6661374497398
                },
                "dai": {
                        "volumen": 531959022.05860126,
                        "cap_bursatil": 6046166699.943456,
                        "precio": 1.0022615256011058
                },
                "dash": {
                        "volumen": 442508017.3131221,
                        "cap_bursatil": 1733951686.605273,
                        "precio": 165.56236822354637
                },
                "dogecoin": {
                        "volumen": 1650842493.758961,
                        "cap_bursatil": 27662713842.544025,
                        "precio": 0.20912062745686183
                },
                "litecoin": {
                        "volumen": 3067752227.3311872,
                        "cap_bursatil": 10200662930.252695,
                        "precio": 151.95202891837235
                },
                "monero": {
                        "volumen": 260436328.86865836,
                        "cap_bursatil": 4228047913.8332243,
                        "precio": 233.6435431761509
                },
                "nano": {
                        "volumen": 50292132.817510135,
                        "cap_bursatil": 641697361.9865043,
                        "precio": 4.726870295488497
                },
                "ripple": {
                        "volumen": 5002962524.012147,
                        "cap_bursatil": 44406741436.03866,
                        "precio": 0.9409389925960898
                },
                "stellar": {
                        "volumen": 557488209.4569967,
                        "cap_bursatil": 6766899991.520247,
                        "precio": 0.2819295083963757
                },
                "tether": {
                        "volumen": 85090629607.86754,
                        "cap_bursatil": 69909498276.36485,
                        "precio": 1.0000412548740925
                },
                "zcash": {
                        "volumen": 274850978.0572746,
                        "cap_bursatil": 1308552421.1816647,
                        "precio": 110.63247721496265
                },
                "algorand": {
                        "volumen": 811489702.3672101,
                        "cap_bursatil": 10325497232.331848,
                        "precio": 1.7841470647366888
                },
                "cardano": {
                        "volumen": 5125188372.207657,
                        "cap_bursatil": 74002539819.03792,
                        "precio": 2.271252028112571
                },
                "cosmos": {
                        "volumen": 2409045204.1983547,
                        "cap_bursatil": 12036713066.725475,
                        "precio": 42.24390919856816
                },
                "eos": {
                        "volumen": 1569171763.6059566,
                        "cap_bursatil": 3964041960.8058143,
                        "precio": 4.029881529673313
                },
                "ethereum": {
                        "volumen": 28504692815.75815,
                        "cap_bursatil": 349627373001.0197,
                        "precio": 2930.7427060738946
                },
                "ethereum-classic": {
                        "volumen": 4021727837.6279483,
                        "cap_bursatil": 6297493712.74999,
                        "precio": 47.58047596725026
                },
                "icon": {
                        "volumen": 75450044.38024814,
                        "cap_bursatil": 1065548500.1556287,
                        "precio": 1.5876301507940767
                },
                "kusama": {
                        "volumen": 236578899.8566835,
                        "cap_bursatil": 2982170048.3943295,
                        "precio": 331.319828913782
                },
                "lisk": {
                        "volumen": 11614616.074765427,
                        "cap_bursatil": 428209179.77248544,
                        "precio": 2.9037492788007624
                },
                "polkadot": {
                        "volumen": 2858400513.0512323,
                        "cap_bursatil": 32097307439.380386,
                        "precio": 30.768722950317553
                },
                "tron": {
                        "volumen": 1559415387.5869412,
                        "cap_bursatil": 6671234628.202998,
                        "precio": 0.09219000632512625
                },
                "augur": {
                        "volumen": 25551721.76722516,
                        "cap_bursatil": 136528749.44176695,
                        "precio": 20.541271409446246
                },
                "balancer": {
                        "volumen": 47233931.49110126,
                        "cap_bursatil": 218600490.32249472,
                        "precio": 20.152576643193655
                },
                "kava": {
                        "volumen": 194069111.19688794,
                        "cap_bursatil": 579852572.835748,
                        "precio": 6.344990887941728
                },
                "melon": {
                        "volumen": 51804161.038572475,
                        "cap_bursatil": 193540694.16083,
                        "precio": 130.79607667038815
                },
                "chainlink": {
                        "volumen": 1546272258.4964294,
                        "cap_bursatil": 10742519170.882757,
                        "precio": 23.194439132702286
                },
                "filecoin": {
                        "volumen": 2024712311.59687,
                        "cap_bursatil": 6929939107.231222,
                        "precio": 63.18321284453408
                },
                "storj": {
                        "volumen": 31545363.207291353,
                        "cap_bursatil": 159917640.75161225,
                        "precio": 1.0944409595523255
                },
                "basic-attention-token": {
                        "volumen": 108920194.28364424,
                        "cap_bursatil": 987136528.4135115,
                        "precio": 0.65162842501369
                }
        }
}